<?xml version="1.0" encoding="UTF-8"?>
<!-- Generated by org.testng.reporters.JUnitXMLReporter -->
<testsuite hostname="AIPL-DT-BLR-292" ignored="1" name="verifyBeneficiaryAdded" tests="1" failures="1" timestamp="10 Apr 2018 12:03:33 GMT" time="12.317" errors="0">
  <testcase name="verifyBeneficiaryAddedFailed" time="8.846" classname="com.paybank.maven.paybank.beneficiary.AppTest">
    <failure type="java.lang.AssertionError" message="expected [false] but found [true]">
      <![CDATA[java.lang.AssertionError: expected [false] but found [true]
at com.paybank.maven.paybank.beneficiary.AppTest.verifyBeneficiaryAddedFailed(AppTest.java:130)
... Removed 29 stack frames]]>
    </failure>
  </testcase> <!-- verifyBeneficiaryAddedFailed -->
  <testcase name="verifyBeneficiaryAdded" time="0.0" classname="com.paybank.maven.paybank.beneficiary.AppTest">
    <ignored/>
  </testcase> <!-- verifyBeneficiaryAdded -->
</testsuite> <!-- verifyBeneficiaryAdded -->
